This file contains any messages produced by compilers while
running configure, to aid debugging if configure makes a mistake.

It was created by heateq configure 1.0, which was
generated by GNU Autoconf 2.69.  Invocation command line was

  $ ./configure FC=ifort --with-masa=/work/00161/karl/stampede2/public//masa-intel-0.50 --with-grvy=/work/00161/karl/stampede2/public//grvy-intel-0.34

## --------- ##
## Platform. ##
## --------- ##

hostname = login4.stampede2.tacc.utexas.edu
uname -m = x86_64
uname -r = 3.10.0-693.17.1.el7.x86_64
uname -s = Linux
uname -v = #1 SMP Thu Jan 25 20:13:58 UTC 2018

/usr/bin/uname -p = x86_64
/bin/uname -X     = unknown

/bin/arch              = x86_64
/usr/bin/arch -k       = unknown
/usr/convex/getsysinfo = unknown
/usr/bin/hostinfo      = unknown
/bin/machine           = unknown
/usr/bin/oslevel       = unknown
/bin/universe          = unknown

PATH: /opt/apps/xalt/xalt/bin
PATH: /opt/apps/intel17/boost/1.68/bin
PATH: /opt/apps/intel17/python/2.7.13/bin
PATH: /tmprpm/intel17/impi/17.0.3/bin
PATH: /opt/intel/compilers_and_libraries_2017.4.196/linux/mpi/intel64/bin
PATH: /opt/intel/compilers_and_libraries_2017.4.196/linux/bin/intel64
PATH: /opt/apps/gcc/5.4.0/bin
PATH: /opt/apps/autotools/1.1/bin
PATH: /opt/apps/git/2.9.0/bin
PATH: /usr/lib64/qt-3.3/bin
PATH: /usr/local/bin
PATH: /bin
PATH: /usr/bin
PATH: /opt/dell/srvadmin/bin
PATH: .


## ----------- ##
## Core tests. ##
## ----------- ##

configure:2428: checking for a BSD-compatible install
configure:2496: result: /bin/install -c
configure:2507: checking whether build environment is sane
configure:2562: result: yes
configure:2713: checking for a thread-safe mkdir -p
configure:2752: result: /bin/mkdir -p
configure:2759: checking for gawk
configure:2775: found /bin/gawk
configure:2786: result: gawk
configure:2797: checking whether make sets $(MAKE)
configure:2819: result: yes
configure:2848: checking whether make supports nested variables
configure:2865: result: yes
configure:3100: checking for Fortran compiler version
configure:3109: ifort --version >&5
ifort (IFORT) 17.0.4 20170411
Copyright (C) 1985-2017 Intel Corporation.  All rights reserved.

configure:3120: $? = 0
configure:3109: ifort -v >&5
ifort version 17.0.4
configure:3120: $? = 0
configure:3109: ifort -V >&5
Intel(R) Fortran Intel(R) 64 Compiler for applications running on Intel(R) 64, Version 17.0.4.196 Build 20170411
Copyright (C) 1985-2017 Intel Corporation.  All rights reserved.

configure:3120: $? = 0
configure:3109: ifort -qversion >&5
ifort: command line warning #10006: ignoring unknown option '-qversion'
ifort: command line error: no files specified; for help type "ifort -help"
configure:3120: $? = 1
configure:3135: checking whether the Fortran compiler works
configure:3157: ifort    conftest.f  >&5
configure:3161: $? = 0
configure:3209: result: yes
configure:3212: checking for Fortran compiler default output file name
configure:3214: result: a.out
configure:3220: checking for suffix of executables
configure:3227: ifort -o conftest    conftest.f  >&5
configure:3231: $? = 0
configure:3253: result: 
configure:3269: checking whether we are cross compiling
configure:3277: ifort -o conftest    conftest.f  >&5
configure:3281: $? = 0
configure:3288: ./conftest
configure:3292: $? = 0
configure:3307: result: no
configure:3312: checking for suffix of object files
configure:3328: ifort -c   conftest.f >&5
configure:3332: $? = 0
configure:3353: result: o
configure:3361: checking whether we are using the GNU Fortran compiler
configure:3374: ifort -c   conftest.F >&5
conftest.F(3): error #5082: Syntax error, found END-OF-STATEMENT when expecting one of: => = . [ % ( :
       choke me
---------------^
compilation aborted for conftest.F (code 1)
configure:3374: $? = 1
configure: failed program was:
|       program main
| #ifndef __GNUC__
|        choke me
| #endif
| 
|       end
configure:3383: result: no
configure:3389: checking whether ifort accepts -g
configure:3400: ifort -c -g  conftest.f >&5
configure:3400: $? = 0
configure:3408: result: yes
configure:3451: checking for style of include used by make
configure:3479: result: GNU
configure:3560: checking for g++
configure:3576: found /opt/apps/gcc/5.4.0/bin/g++
configure:3587: result: g++
configure:3614: checking for C++ compiler version
configure:3623: g++ --version >&5
g++ (GCC) 5.4.0
Copyright (C) 2015 Free Software Foundation, Inc.
This is free software; see the source for copying conditions.  There is NO
warranty; not even for MERCHANTABILITY or FITNESS FOR A PARTICULAR PURPOSE.

configure:3634: $? = 0
configure:3623: g++ -v >&5
Using built-in specs.
COLLECT_GCC=g++
COLLECT_LTO_WRAPPER=/opt/apps/gcc/5.4.0/libexec/gcc/x86_64-unknown-linux-gnu/5.4.0/lto-wrapper
Target: x86_64-unknown-linux-gnu
Configured with: /home1/build/rpms/knl15/BUILD/gcc-5.4.0/configure --enable-lto --enable-libssp --enable-gold --with-tune=generic --enable-languages=c,c++,fortran --disable-multilib --prefix=/opt/apps/gcc/5.4.0 --with-gmp=/opt/apps/gcc/5.4.0 --with-mlgmp=/opt/apps/gcc/5.4.0 --with-mpfr=/opt/apps/gcc/5.4.0 --with-mpc=/opt/apps/gcc/5.4.0 --with-isl=/opt/apps/gcc/5.4.0
Thread model: posix
gcc version 5.4.0 (GCC) 
configure:3634: $? = 0
configure:3623: g++ -V >&5
g++: error: unrecognized command line option '-V'
g++: fatal error: no input files
compilation terminated.
configure:3634: $? = 1
configure:3623: g++ -qversion >&5
g++: error: unrecognized command line option '-qversion'
g++: fatal error: no input files
compilation terminated.
configure:3634: $? = 1
configure:3638: checking whether we are using the GNU C++ compiler
configure:3657: g++ -c   conftest.cpp >&5
configure:3657: $? = 0
configure:3666: result: yes
configure:3675: checking whether g++ accepts -g
configure:3695: g++ -c -g  conftest.cpp >&5
configure:3695: $? = 0
configure:3736: result: yes
configure:3761: checking dependency style of g++
configure:3872: result: none
configure:3893: checking how to run the C++ preprocessor
configure:3920: g++ -E  conftest.cpp
configure:3920: $? = 0
configure:3934: g++ -E  conftest.cpp
conftest.cpp:11:28: fatal error: ac_nonexistent.h: No such file or directory
compilation terminated.
configure:3934: $? = 1
configure: failed program was:
| /* confdefs.h */
| #define PACKAGE_NAME "heateq"
| #define PACKAGE_TARNAME "heateq"
| #define PACKAGE_VERSION "1.0"
| #define PACKAGE_STRING "heateq 1.0"
| #define PACKAGE_BUGREPORT "jiaqi@ices.utexas.edu"
| #define PACKAGE_URL ""
| #define PACKAGE "heateq"
| #define VERSION "1.0"
| /* end confdefs.h.  */
| #include <ac_nonexistent.h>
configure:3959: result: g++ -E
configure:3979: g++ -E  conftest.cpp
configure:3979: $? = 0
configure:3993: g++ -E  conftest.cpp
conftest.cpp:11:28: fatal error: ac_nonexistent.h: No such file or directory
compilation terminated.
configure:3993: $? = 1
configure: failed program was:
| /* confdefs.h */
| #define PACKAGE_NAME "heateq"
| #define PACKAGE_TARNAME "heateq"
| #define PACKAGE_VERSION "1.0"
| #define PACKAGE_STRING "heateq 1.0"
| #define PACKAGE_BUGREPORT "jiaqi@ices.utexas.edu"
| #define PACKAGE_URL ""
| #define PACKAGE "heateq"
| #define VERSION "1.0"
| /* end confdefs.h.  */
| #include <ac_nonexistent.h>
configure:4022: checking for grep that handles long lines and -e
configure:4080: result: /bin/grep
configure:4085: checking for egrep
configure:4147: result: /bin/grep -E
configure:4152: checking for ANSI C header files
configure:4172: g++ -c -g -O2  conftest.cpp >&5
configure:4172: $? = 0
configure:4245: g++ -o conftest -g -O2   conftest.cpp  >&5
configure:4245: $? = 0
configure:4245: ./conftest
configure:4245: $? = 0
configure:4256: result: yes
configure:4269: checking for sys/types.h
configure:4269: g++ -c -g -O2  conftest.cpp >&5
configure:4269: $? = 0
configure:4269: result: yes
configure:4269: checking for sys/stat.h
configure:4269: g++ -c -g -O2  conftest.cpp >&5
configure:4269: $? = 0
configure:4269: result: yes
configure:4269: checking for stdlib.h
configure:4269: g++ -c -g -O2  conftest.cpp >&5
configure:4269: $? = 0
configure:4269: result: yes
configure:4269: checking for string.h
configure:4269: g++ -c -g -O2  conftest.cpp >&5
configure:4269: $? = 0
configure:4269: result: yes
configure:4269: checking for memory.h
configure:4269: g++ -c -g -O2  conftest.cpp >&5
configure:4269: $? = 0
configure:4269: result: yes
configure:4269: checking for strings.h
configure:4269: g++ -c -g -O2  conftest.cpp >&5
configure:4269: $? = 0
configure:4269: result: yes
configure:4269: checking for inttypes.h
configure:4269: g++ -c -g -O2  conftest.cpp >&5
configure:4269: $? = 0
configure:4269: result: yes
configure:4269: checking for stdint.h
configure:4269: g++ -c -g -O2  conftest.cpp >&5
configure:4269: $? = 0
configure:4269: result: yes
configure:4269: checking for unistd.h
configure:4269: g++ -c -g -O2  conftest.cpp >&5
configure:4269: $? = 0
configure:4269: result: yes
configure:4337: checking masa.h usability
configure:4337: g++ -c -I/work/00161/karl/stampede2/public//masa-intel-0.50/include -g -O2 -I/work/00161/karl/stampede2/public//masa-intel-0.50/include  conftest.cpp >&5
configure:4337: $? = 0
configure:4337: result: yes
configure:4337: checking masa.h presence
configure:4337: g++ -E -I/work/00161/karl/stampede2/public//masa-intel-0.50/include  conftest.cpp
configure:4337: $? = 0
configure:4337: result: yes
configure:4337: checking for masa.h
configure:4337: result: yes
configure:4372: checking for masa - version >= 0.30
configure:4397: g++ -c -I/work/00161/karl/stampede2/public//masa-intel-0.50/include -g -O2 -I/work/00161/karl/stampede2/public//masa-intel-0.50/include  conftest.cpp >&5
configure:4397: $? = 0
configure:4399: result: yes
configure:4425: checking for -lmasa linkage
configure:4439: g++ -o conftest -I/work/00161/karl/stampede2/public//masa-intel-0.50/include -g -O2 -I/work/00161/karl/stampede2/public//masa-intel-0.50/include  -L/work/00161/karl/stampede2/public//masa-intel-0.50/lib -lmasa -Wl,-rpath,/work/00161/karl/stampede2/public//masa-intel-0.50/lib  conftest.cpp  >&5
configure:4439: $? = 0
configure:4441: result: yes
configure:4553: checking for gcc
configure:4569: found /opt/apps/gcc/5.4.0/bin/gcc
configure:4580: result: gcc
configure:4809: checking for C compiler version
configure:4818: gcc --version >&5
gcc (GCC) 5.4.0
Copyright (C) 2015 Free Software Foundation, Inc.
This is free software; see the source for copying conditions.  There is NO
warranty; not even for MERCHANTABILITY or FITNESS FOR A PARTICULAR PURPOSE.

configure:4829: $? = 0
configure:4818: gcc -v >&5
Using built-in specs.
COLLECT_GCC=gcc
COLLECT_LTO_WRAPPER=/opt/apps/gcc/5.4.0/libexec/gcc/x86_64-unknown-linux-gnu/5.4.0/lto-wrapper
Target: x86_64-unknown-linux-gnu
Configured with: /home1/build/rpms/knl15/BUILD/gcc-5.4.0/configure --enable-lto --enable-libssp --enable-gold --with-tune=generic --enable-languages=c,c++,fortran --disable-multilib --prefix=/opt/apps/gcc/5.4.0 --with-gmp=/opt/apps/gcc/5.4.0 --with-mlgmp=/opt/apps/gcc/5.4.0 --with-mpfr=/opt/apps/gcc/5.4.0 --with-mpc=/opt/apps/gcc/5.4.0 --with-isl=/opt/apps/gcc/5.4.0
Thread model: posix
gcc version 5.4.0 (GCC) 
configure:4829: $? = 0
configure:4818: gcc -V >&5
gcc: error: unrecognized command line option '-V'
gcc: fatal error: no input files
compilation terminated.
configure:4829: $? = 1
configure:4818: gcc -qversion >&5
gcc: error: unrecognized command line option '-qversion'
gcc: fatal error: no input files
compilation terminated.
configure:4829: $? = 1
configure:4833: checking whether we are using the GNU C compiler
configure:4852: gcc -c   conftest.c >&5
configure:4852: $? = 0
configure:4861: result: yes
configure:4870: checking whether gcc accepts -g
configure:4890: gcc -c -g  conftest.c >&5
configure:4890: $? = 0
configure:4931: result: yes
configure:4948: checking for gcc option to accept ISO C89
configure:5011: gcc  -c -g -O2  conftest.c >&5
configure:5011: $? = 0
configure:5024: result: none needed
configure:5049: checking whether gcc understands -c and -o together
configure:5071: gcc -c conftest.c -o conftest2.o
configure:5074: $? = 0
configure:5071: gcc -c conftest.c -o conftest2.o
configure:5074: $? = 0
configure:5086: result: yes
configure:5105: checking dependency style of gcc
configure:5216: result: none
configure:5237: checking how to run the C preprocessor
configure:5268: gcc -E  conftest.c
configure:5268: $? = 0
configure:5282: gcc -E  conftest.c
conftest.c:22:28: fatal error: ac_nonexistent.h: No such file or directory
compilation terminated.
configure:5282: $? = 1
configure: failed program was:
| /* confdefs.h */
| #define PACKAGE_NAME "heateq"
| #define PACKAGE_TARNAME "heateq"
| #define PACKAGE_VERSION "1.0"
| #define PACKAGE_STRING "heateq 1.0"
| #define PACKAGE_BUGREPORT "jiaqi@ices.utexas.edu"
| #define PACKAGE_URL ""
| #define PACKAGE "heateq"
| #define VERSION "1.0"
| #define STDC_HEADERS 1
| #define HAVE_SYS_TYPES_H 1
| #define HAVE_SYS_STAT_H 1
| #define HAVE_STDLIB_H 1
| #define HAVE_STRING_H 1
| #define HAVE_MEMORY_H 1
| #define HAVE_STRINGS_H 1
| #define HAVE_INTTYPES_H 1
| #define HAVE_STDINT_H 1
| #define HAVE_UNISTD_H 1
| #define HAVE_MASA 1
| /* end confdefs.h.  */
| #include <ac_nonexistent.h>
configure:5307: result: gcc -E
configure:5327: gcc -E  conftest.c
configure:5327: $? = 0
configure:5341: gcc -E  conftest.c
conftest.c:22:28: fatal error: ac_nonexistent.h: No such file or directory
compilation terminated.
configure:5341: $? = 1
configure: failed program was:
| /* confdefs.h */
| #define PACKAGE_NAME "heateq"
| #define PACKAGE_TARNAME "heateq"
| #define PACKAGE_VERSION "1.0"
| #define PACKAGE_STRING "heateq 1.0"
| #define PACKAGE_BUGREPORT "jiaqi@ices.utexas.edu"
| #define PACKAGE_URL ""
| #define PACKAGE "heateq"
| #define VERSION "1.0"
| #define STDC_HEADERS 1
| #define HAVE_SYS_TYPES_H 1
| #define HAVE_SYS_STAT_H 1
| #define HAVE_STDLIB_H 1
| #define HAVE_STRING_H 1
| #define HAVE_MEMORY_H 1
| #define HAVE_STRINGS_H 1
| #define HAVE_INTTYPES_H 1
| #define HAVE_STDINT_H 1
| #define HAVE_UNISTD_H 1
| #define HAVE_MASA 1
| /* end confdefs.h.  */
| #include <ac_nonexistent.h>
configure:5428: checking grvy.h usability
configure:5428: gcc -c -I/work/00161/karl/stampede2/public//grvy-intel-0.34/include -g -O2 -I/work/00161/karl/stampede2/public//grvy-intel-0.34/include  conftest.c >&5
configure:5428: $? = 0
configure:5428: result: yes
configure:5428: checking grvy.h presence
configure:5428: gcc -E -I/work/00161/karl/stampede2/public//grvy-intel-0.34/include  conftest.c
configure:5428: $? = 0
configure:5428: result: yes
configure:5428: checking for grvy.h
configure:5428: result: yes
configure:5464: checking for grvy - version >= 0.32
configure:5491: gcc -c -I/work/00161/karl/stampede2/public//grvy-intel-0.34/include -g -O2 -I/work/00161/karl/stampede2/public//grvy-intel-0.34/include  conftest.c >&5
configure:5491: $? = 0
configure:5493: result: yes
configure:5525: gcc -c -I/work/00161/karl/stampede2/public//grvy-intel-0.34/include -g -O2 -I/work/00161/karl/stampede2/public//grvy-intel-0.34/include  conftest.c >&5
configure:5525: $? = 0
configure:5559: checking for -lgrvy linkage
configure:5562: checking for grvy_input_fopen in -lgrvy
configure:5587: gcc -o conftest -I/work/00161/karl/stampede2/public//grvy-intel-0.34/include -g -O2 -I/work/00161/karl/stampede2/public//grvy-intel-0.34/include  -L/work/00161/karl/stampede2/public//grvy-intel-0.34/lib -lgrvy -Wl,-rpath,/work/00161/karl/stampede2/public//grvy-intel-0.34/lib  conftest.c -lgrvy   >&5
configure:5587: $? = 0
configure:5596: result: yes
configure:5781: checking that generated files are newer than configure
configure:5787: result: done
configure:5822: creating ./config.status

## ---------------------- ##
## Running config.status. ##
## ---------------------- ##

This file was extended by heateq config.status 1.0, which was
generated by GNU Autoconf 2.69.  Invocation command line was

  CONFIG_FILES    = 
  CONFIG_HEADERS  = 
  CONFIG_LINKS    = 
  CONFIG_COMMANDS = 
  $ ./config.status 

on login4.stampede2.tacc.utexas.edu

config.status:883: creating Makefile
config.status:883: creating src/Makefile
config.status:883: creating config.h
config.status:1064: config.h is unchanged
config.status:1112: executing depfiles commands

## ---------------- ##
## Cache variables. ##
## ---------------- ##

ac_cv_c_compiler_gnu=yes
ac_cv_cxx_compiler_gnu=yes
ac_cv_env_CCC_set=
ac_cv_env_CCC_value=
ac_cv_env_CC_set=
ac_cv_env_CC_value=
ac_cv_env_CFLAGS_set=
ac_cv_env_CFLAGS_value=
ac_cv_env_CPPFLAGS_set=
ac_cv_env_CPPFLAGS_value=
ac_cv_env_CPP_set=
ac_cv_env_CPP_value=
ac_cv_env_CXXCPP_set=
ac_cv_env_CXXCPP_value=
ac_cv_env_CXXFLAGS_set=
ac_cv_env_CXXFLAGS_value=
ac_cv_env_CXX_set=
ac_cv_env_CXX_value=
ac_cv_env_FCFLAGS_set=
ac_cv_env_FCFLAGS_value=
ac_cv_env_FC_set=set
ac_cv_env_FC_value=ifort
ac_cv_env_GRVY_DIR_set=
ac_cv_env_GRVY_DIR_value=
ac_cv_env_LDFLAGS_set=
ac_cv_env_LDFLAGS_value=
ac_cv_env_LIBS_set=
ac_cv_env_LIBS_value=
ac_cv_env_MASA_DIR_set=
ac_cv_env_MASA_DIR_value=
ac_cv_env_build_alias_set=
ac_cv_env_build_alias_value=
ac_cv_env_host_alias_set=
ac_cv_env_host_alias_value=
ac_cv_env_target_alias_set=
ac_cv_env_target_alias_value=
ac_cv_fc_compiler_gnu=no
ac_cv_header_grvy_h=yes
ac_cv_header_inttypes_h=yes
ac_cv_header_masa_h=yes
ac_cv_header_memory_h=yes
ac_cv_header_stdc=yes
ac_cv_header_stdint_h=yes
ac_cv_header_stdlib_h=yes
ac_cv_header_string_h=yes
ac_cv_header_strings_h=yes
ac_cv_header_sys_stat_h=yes
ac_cv_header_sys_types_h=yes
ac_cv_header_unistd_h=yes
ac_cv_lib_grvy_grvy_input_fopen=yes
ac_cv_objext=o
ac_cv_path_EGREP='/bin/grep -E'
ac_cv_path_GREP=/bin/grep
ac_cv_path_install='/bin/install -c'
ac_cv_path_mkdir=/bin/mkdir
ac_cv_prog_AWK=gawk
ac_cv_prog_CPP='gcc -E'
ac_cv_prog_CXXCPP='g++ -E'
ac_cv_prog_ac_ct_CC=gcc
ac_cv_prog_ac_ct_CXX=g++
ac_cv_prog_cc_c89=
ac_cv_prog_cc_g=yes
ac_cv_prog_cxx_g=yes
ac_cv_prog_fc_g=yes
ac_cv_prog_make_make_set=yes
am_cv_CC_dependencies_compiler_type=none
am_cv_CXX_dependencies_compiler_type=none
am_cv_make_support_nested_variables=yes
am_cv_prog_cc_c_o=yes

## ----------------- ##
## Output variables. ##
## ----------------- ##

ACLOCAL='${SHELL} /work/05893/jiaqi/stampede2/homework/proj01/missing aclocal-1.14'
AMDEPBACKSLASH='\'
AMDEP_FALSE='#'
AMDEP_TRUE=''
AMTAR='$${TAR-tar}'
AM_BACKSLASH='\'
AM_DEFAULT_V='$(AM_DEFAULT_VERBOSITY)'
AM_DEFAULT_VERBOSITY='1'
AM_V='$(V)'
AUTOCONF='${SHELL} /work/05893/jiaqi/stampede2/homework/proj01/missing autoconf'
AUTOHEADER='${SHELL} /work/05893/jiaqi/stampede2/homework/proj01/missing autoheader'
AUTOMAKE='${SHELL} /work/05893/jiaqi/stampede2/homework/proj01/missing automake-1.14'
AWK='gawk'
CC='gcc'
CCDEPMODE='depmode=none'
CFLAGS='-g -O2'
CPP='gcc -E'
CPPFLAGS=''
CXX='g++'
CXXCPP='g++ -E'
CXXDEPMODE='depmode=none'
CXXFLAGS='-g -O2'
CYGPATH_W='echo'
DEFS='-DHAVE_CONFIG_H'
DEPDIR='.deps'
ECHO_C=''
ECHO_N='-n'
ECHO_T=''
EGREP='/bin/grep -E'
EXEEXT=''
FC='ifort'
FCFLAGS='-g'
GREP='/bin/grep'
GRVY_CFLAGS='-I/work/00161/karl/stampede2/public//grvy-intel-0.34/include'
GRVY_DIR=''
GRVY_ENABLED_FALSE='#'
GRVY_ENABLED_TRUE=''
GRVY_FCFLAGS='-I/work/00161/karl/stampede2/public//grvy-intel-0.34/lib'
GRVY_FLIBS='-L/work/00161/karl/stampede2/public//grvy-intel-0.34/lib -lgrvy -lgrvyf -Wl,-rpath,/work/00161/karl/stampede2/public//grvy-intel-0.34/lib'
GRVY_LIBS='-L/work/00161/karl/stampede2/public//grvy-intel-0.34/lib -lgrvy -Wl,-rpath,/work/00161/karl/stampede2/public//grvy-intel-0.34/lib'
GRVY_PREFIX='/work/00161/karl/stampede2/public//grvy-intel-0.34'
HAVE_GRVY='1'
HAVE_MASA='1'
INSTALL_DATA='${INSTALL} -m 644'
INSTALL_PROGRAM='${INSTALL}'
INSTALL_SCRIPT='${INSTALL}'
INSTALL_STRIP_PROGRAM='$(install_sh) -c -s'
LDFLAGS=''
LIBOBJS=''
LIBS=''
LTLIBOBJS=''
MAKEINFO='${SHELL} /work/05893/jiaqi/stampede2/homework/proj01/missing makeinfo'
MASA_CXXFLAGS='-I/work/00161/karl/stampede2/public//masa-intel-0.50/include'
MASA_DIR=''
MASA_ENABLED_FALSE='#'
MASA_ENABLED_TRUE=''
MASA_FCFLAGS='-I/work/00161/karl/stampede2/public//masa-intel-0.50/lib -DHAVE_MASA'
MASA_FC_LIBS='-L/work/00161/karl/stampede2/public//masa-intel-0.50/lib -lfmasa -lmasa -Wl,-rpath,/work/00161/karl/stampede2/public//masa-intel-0.50/lib'
MASA_LIBS='-L/work/00161/karl/stampede2/public//masa-intel-0.50/lib -lmasa -Wl,-rpath,/work/00161/karl/stampede2/public//masa-intel-0.50/lib'
MASA_PREFIX='/work/00161/karl/stampede2/public//masa-intel-0.50'
MKDIR_P='/bin/mkdir -p'
OBJEXT='o'
PACKAGE='heateq'
PACKAGE_BUGREPORT='jiaqi@ices.utexas.edu'
PACKAGE_NAME='heateq'
PACKAGE_STRING='heateq 1.0'
PACKAGE_TARNAME='heateq'
PACKAGE_URL=''
PACKAGE_VERSION='1.0'
PATH_SEPARATOR=':'
SET_MAKE=''
SHELL='/bin/sh'
STRIP=''
VERSION='1.0'
ac_ct_CC='gcc'
ac_ct_CXX='g++'
ac_ct_FC=''
am__EXEEXT_FALSE=''
am__EXEEXT_TRUE='#'
am__fastdepCC_FALSE=''
am__fastdepCC_TRUE='#'
am__fastdepCXX_FALSE=''
am__fastdepCXX_TRUE='#'
am__include='include'
am__isrc=''
am__leading_dot='.'
am__nodep='_no'
am__quote=''
am__tar='$${TAR-tar} chof - "$$tardir"'
am__untar='$${TAR-tar} xf -'
bindir='${exec_prefix}/bin'
build_alias=''
datadir='${datarootdir}'
datarootdir='${prefix}/share'
docdir='${datarootdir}/doc/${PACKAGE_TARNAME}'
dvidir='${docdir}'
exec_prefix='${prefix}'
host_alias=''
htmldir='${docdir}'
includedir='${prefix}/include'
infodir='${datarootdir}/info'
install_sh='${SHELL} /work/05893/jiaqi/stampede2/homework/proj01/install-sh'
libdir='${exec_prefix}/lib'
libexecdir='${exec_prefix}/libexec'
localedir='${datarootdir}/locale'
localstatedir='${prefix}/var'
mandir='${datarootdir}/man'
mkdir_p='$(MKDIR_P)'
oldincludedir='/usr/include'
pdfdir='${docdir}'
prefix='/usr/local'
program_transform_name='s,x,x,'
psdir='${docdir}'
sbindir='${exec_prefix}/sbin'
sharedstatedir='${prefix}/com'
sysconfdir='${prefix}/etc'
target_alias=''

## ----------- ##
## confdefs.h. ##
## ----------- ##

/* confdefs.h */
#define PACKAGE_NAME "heateq"
#define PACKAGE_TARNAME "heateq"
#define PACKAGE_VERSION "1.0"
#define PACKAGE_STRING "heateq 1.0"
#define PACKAGE_BUGREPORT "jiaqi@ices.utexas.edu"
#define PACKAGE_URL ""
#define PACKAGE "heateq"
#define VERSION "1.0"
#define STDC_HEADERS 1
#define HAVE_SYS_TYPES_H 1
#define HAVE_SYS_STAT_H 1
#define HAVE_STDLIB_H 1
#define HAVE_STRING_H 1
#define HAVE_MEMORY_H 1
#define HAVE_STRINGS_H 1
#define HAVE_INTTYPES_H 1
#define HAVE_STDINT_H 1
#define HAVE_UNISTD_H 1
#define HAVE_MASA 1
#define HAVE_GRVY 1

configure: exit 0

## ---------------------- ##
## Running config.status. ##
## ---------------------- ##

This file was extended by heateq config.status 1.0, which was
generated by GNU Autoconf 2.69.  Invocation command line was

  CONFIG_FILES    = 
  CONFIG_HEADERS  = 
  CONFIG_LINKS    = 
  CONFIG_COMMANDS = 
  $ ./config.status src/Makefile

on login4.stampede2.tacc.utexas.edu

config.status:883: creating src/Makefile
