# iter num_samples num_i pi relative_err time_accum
1 960000000 753993131 3.141638 1.44488e-05 16.1128
1 1920000000 1507991254 3.141648 1.77592e-05 31.9532
1 2880000000 2261988655 3.141651 1.85435e-05 47.6909
1 3840000000 3015987801 3.141654 1.95142e-05 63.6466
1 4800000000 3769986672 3.141656 2.00237e-05 79.3216
1 5760000000 4523983804 3.141655 1.9979e-05 95.3583
1 6720000000 5277981624 3.141656 2.00774e-05 111.095
1 7680000000 6031973980 3.141653 1.92453e-05 127.09
1 8640000000 6785969675 3.141653 1.90902e-05 143.055
1 9600000000 7539967409 3.141653 1.92366e-05 159.345
1 10560000000 8293968464 3.141655 1.97567e-05 175.358
1 11520000000 9047973739 3.141658 2.06566e-05 191.297
1 12480000000 9801980506 3.141660 2.15703e-05 207.303
1 13440000000 10555985447 3.141662 2.21804e-05 223.058
1 14400000000 11309989626 3.141664 2.26418e-05 239.566
1 15360000000 12063990316 3.141664 2.27564e-05 255.284
1 16320000000 12817995141 3.141665 2.318e-05 271.018
1 17280000000 13572006261 3.141668 2.40204e-05 286.731
1 18240000000 14326017423 3.141670 2.47753e-05 302.736
1 19200000000 15080026366 3.141672 2.53075e-05 318.479
1 20160000000 15834035223 3.141674 2.57837e-05 334.472
1 21120000000 16588042681 3.141675 2.61322e-05 350.234
1 22080000000 17342046242 3.141675 2.62256e-05 366.751
1 23040000000 18096048099 3.141675 2.62172e-05 382.847
1 24000000000 18850053794 3.141676 2.6413e-05 398.784
1 24960000000 19604058078 3.141676 2.65217e-05 414.773
1 25920000000 20358060063 3.141676 2.65095e-05 430.808
1 26880000000 21112055578 3.141675 2.61917e-05 446.861
1 27840000000 21866055522 3.141675 2.60984e-05 462.978
1 28800000000 22620053084 3.141674 2.59059e-05 478.84
1 29760000000 23374053576 3.141674 2.58513e-05 494.809
1 30720000000 24128049774 3.141673 2.56221e-05 510.881
1 31680000000 24882036921 3.141671 2.5043e-05 526.923
1 32640000000 25636024653 3.141670 2.45208e-05 542.673
1 33600000000 26390014373 3.141668 2.41037e-05 558.688
1 34560000000 27144003914 3.141667 2.37033e-05 574.739
1 35520000000 27897988124 3.141665 2.31334e-05 590.755
1 36480000000 28651970089 3.141663 2.25151e-05 606.491
1 37440000000 29405950016 3.141661 2.18593e-05 622.55
1 38400000000 30159930780 3.141659 2.1264e-05 638.301
1 39360000000 30913911429 3.141658 2.0694e-05 654.493
1 40320000000 31667891372 3.141656 2.01288e-05 670.959
1 41280000000 32421871207 3.141654 1.95866e-05 686.986
1 42240000000 33175851572 3.141653 1.9085e-05 702.836
1 43200000000 33929830828 3.141651 1.85731e-05 718.564
1 44160000000 34683810076 3.141649 1.80831e-05 734.54
1 45120000000 35437787780 3.141648 1.75705e-05 750.64
1 46080000000 36191764533 3.141646 1.70529e-05 766.594
1 47040000000 36945739740 3.141645 1.65146e-05 782.292
1 48000000000 37699716049 3.141643 1.60271e-05 798.833
1 48960000000 38453692251 3.141642 1.55559e-05 814.592
1 49920000000 39207669492 3.141640 1.51293e-05 830.696
1 50880000000 39961647849 3.141639 1.47467e-05 846.831
1 51840000000 40715628383 3.141638 1.44318e-05 863.09
1 52800000000 41469605082 3.141637 1.40359e-05 879.071
1 53760000000 42223584806 3.141636 1.37257e-05 895.048
1 54720000000 42977566819 3.141635 1.34797e-05 911.065
1 55680000000 43731548411 3.141634 1.32326e-05 926.993
1 56640000000 44485529135 3.141633 1.29743e-05 943.131
1 57600000000 45239512883 3.141633 1.27914e-05 959.417
1 58560000000 45993499145 3.141632 1.26693e-05 975.377
1 59520000000 46747487962 3.141632 1.26057e-05 991.141
1 60480000000 47501475983 3.141632 1.25274e-05 1007.16
1 61440000000 48255467358 3.141632 1.2521e-05 1022.9
1 62400000000 49009458090 3.141632 1.25017e-05 1039.54
1 63360000000 49763447930 3.141632 1.24651e-05 1055.83
1 64320000000 50517441105 3.141632 1.24956e-05 1071.77
1 65280000000 51271431475 3.141632 1.24704e-05 1087.75
1 66240000000 52025428006 3.141632 1.25645e-05 1103.56
1 67200000000 52779428285 3.141633 1.27268e-05 1119.83
1 68160000000 53533423697 3.141633 1.27937e-05 1135.58
1 69120000000 54287423230 3.141633 1.29346e-05 1151.74
1 70080000000 55041416454 3.141633 1.2957e-05 1168.09
1 71040000000 55795412330 3.141634 1.30264e-05 1184.06
1 72000000000 56549401296 3.141633 1.29717e-05 1200.26
1 72960000000 57303387186 3.141633 1.28648e-05 1216.33
1 73920000000 58057368730 3.141633 1.26857e-05 1232.43
1 74880000000 58811354146 3.141632 1.25772e-05 1248.1
1 75840000000 59565337252 3.141632 1.24326e-05 1264.17
1 76800000000 60319317217 3.141631 1.22395e-05 1280.18
1 77760000000 61073297945 3.141631 1.20637e-05 1296.31
1 78720000000 61827275087 3.141630 1.18341e-05 1312.34
1 79680000000 62581251305 3.141629 1.15954e-05 1328.09
1 80640000000 63335221030 3.141628 1.12598e-05 1344.12
1 81600000000 64089193232 3.141627 1.09708e-05 1360.27
1 82560000000 64843166520 3.141626 1.07052e-05 1376.06
1 83520000000 65597146714 3.141626 1.0551e-05 1392.04
1 84480000000 66351125604 3.141625 1.03806e-05 1408.03
1 85440000000 67105101599 3.141625 1.0171e-05 1424.04
1 86400000000 67859077875 3.141624 9.97014e-06 1439.95
1 87360000000 68613054128 3.141623 9.77336e-06 1456.08
1 88320000000 69367031086 3.141623 9.59103e-06 1472.3
1 89280000000 70121007543 3.141622 9.40547e-06 1487.99
1 90240000000 70874986507 3.141622 9.25924e-06 1504.58
1 91200000000 71628973074 3.141622 9.22222e-06 1520.34
1 92160000000 72382959641 3.141622 9.18598e-06 1536.13
1 93120000000 73136945022 3.141621 9.13427e-06 1552.17
1 94080000000 73890928914 3.141621 9.06347e-06 1567.86
1 95040000000 74644910953 3.141621 8.96926e-06 1583.92
1 96000000000 75398896890 3.141621 8.92865e-06 1599.63
1 96960000000 76152886078 3.141621 8.93152e-06 1615.6
1 97920000000 76906875026 3.141621 8.93122e-06 1631.5
1 98880000000 77660867129 3.141621 8.97156e-06 1647.28
1 99840000000 78414856404 3.141621 8.97505e-06 1663.02
1 100800000000 79168846097 3.141621 8.98375e-06 1679.46
1 101760000000 79922842514 3.141621 9.07642e-06 1695.22
1 102720000000 80676835438 3.141621 9.12407e-06 1710.89
1 103680000000 81430828246 3.141621 9.1694e-06 1726.6
1 104640000000 82184816444 3.141621 9.15781e-06 1742.96
1 105600000000 82938808774 3.141622 9.19626e-06 1759.14
1 106560000000 83692802612 3.141622 9.25202e-06 1775.09
1 107520000000 84446801281 3.141622 9.364e-06 1790.78
1 108480000000 85200800402 3.141622 9.47931e-06 1805.58
1 109440000000 85954799500 3.141623 9.59232e-06 1821.24
1 110400000000 86708795851 3.141623 9.67169e-06 1836.93
1 111360000000 87462792145 3.141623 9.74903e-06 1852.91
1 112320000000 88216786545 3.141623 9.80359e-06 1868.9
1 113280000000 88970782025 3.141624 9.86936e-06 1884.93
1 114240000000 89724776558 3.141624 9.92346e-06 1900.76
1 115200000000 90478776145 3.141624 1.00325e-05 1916.53
1 116160000000 91232777554 3.141625 1.01598e-05 1932.56
1 117120000000 91986777302 3.141625 1.02669e-05 1948.54
1 118080000000 92740768392 3.141625 1.02788e-05 1964.22
1 119040000000 93494753159 3.141625 1.0223e-05 1979.98
1 120000000000 94248740170 3.141625 1.01919e-05 1995.97
1 120960000000 95002723468 3.141624 1.01222e-05 2011.93
1 121920000000 95756706298 3.141624 1.00487e-05 2028.13
1 122880000000 96510682808 3.141624 9.91081e-06 2044.34
1 123840000000 97264660072 3.141623 9.78286e-06 2060.07
1 124800000000 98018643131 3.141623 9.71599e-06 2076.02
1 125760000000 98772626186 3.141623 9.65011e-06 2091.74
1 126720000000 99526608121 3.141623 9.57397e-06 2107.81
1 127680000000 100280586075 3.141622 9.45928e-06 2123.53
1 128640000000 101034565989 3.141622 9.36569e-06 2139.58
1 129600000000 101788540422 3.141622 9.21965e-06 2155.7
1 130560000000 102542506897 3.141621 8.99815e-06 2171.45
1 131520000000 103296473946 3.141620 8.78543e-06 2188
1 132480000000 104050441208 3.141620 8.57785e-06 2204.05
1 133440000000 104804404872 3.141619 8.33892e-06 2219.73
1 134400000000 105558370291 3.141618 8.12004e-06 2235.64
1 135360000000 106312337112 3.141618 7.91744e-06 2251.32
1 136320000000 107066304632 3.141617 7.72423e-06 2267.32
1 137280000000 107820277367 3.141616 7.58208e-06 2283
1 138240000000 108574252500 3.141616 7.464e-06 2299.09
1 139200000000 109328225312 3.141616 7.32632e-06 2315.17
1 140160000000 110082202386 3.141615 7.22924e-06 2331.33
1 141120000000 110836180262 3.141615 7.14071e-06 2347.46
1 142080000000 111590162111 3.141615 7.08899e-06 2363.18
1 143040000000 112344146604 3.141615 7.06149e-06 2379.37
1 144000000000 113098135029 3.141615 7.06913e-06 2395.41
1 144960000000 113852124327 3.141615 7.08434e-06 2411.15
1 145920000000 114606113450 3.141615 7.09782e-06 2427.27
1 146880000000 115360102103 3.141615 7.10704e-06 2443.32
1 147840000000 116114086871 3.141615 7.08269e-06 2459.07
1 148800000000 116868071639 3.141615 7.05866e-06 2475.14
1 149760000000 117622052228 3.141615 6.9994e-06 2491.13
1 150720000000 118376028295 3.141614 6.9027e-06 2506.86
1 151680000000 119130004702 3.141614 6.81007e-06 2523.04
1 152640000000 119883975162 3.141614 6.669e-06 2538.74
1 153600000000 120637947295 3.141613 6.54357e-06 2554.69
1 154560000000 121391919707 3.141613 6.42199e-06 2570.68
1 155520000000 122145891954 3.141612 6.30056e-06 2586.78
1 156480000000 122899867834 3.141612 6.21018e-06 2602.8
1 157440000000 123653844876 3.141612 6.1303e-06 2618.86
1 158400000000 124407834240 3.141612 6.15044e-06 2634.96
1 159360000000 125161821583 3.141612 6.15419e-06 2650.95
1 160320000000 125915801703 3.141612 6.10052e-06 2666.66
1 161280000000 126669784862 3.141612 6.07149e-06 2683.44
1 162240000000 127423767134 3.141612 6.03584e-06 2699.6
1 163200000000 128177749440 3.141612 6.00087e-06 2715.28
1 164160000000 128931732253 3.141611 5.97025e-06 2731.64
1 165120000000 129685706250 3.141611 5.872e-06 2748.01
1 166080000000 130439672505 3.141611 5.71554e-06 2764.03
1 167040000000 131193636916 3.141610 5.54681e-06 2779.86
1 168000000000 131947598223 3.141609 5.35649e-06 2795.55
1 168960000000 132701563154 3.141609 5.19565e-06 2811.5
1 169920000000 133455533968 3.141609 5.0807e-06 2828.51
1 170880000000 134209502122 3.141608 4.94722e-06 2844.22
